firea-component-parent generation report
########################################
* For dooapp-test-c-component
[INFO] Scanning for projects...
[INFO]                                                                         
[INFO] ------------------------------------------------------------------------
[INFO] Building Maven Stub Project (No POM) 1
[INFO] ------------------------------------------------------------------------
[INFO] 
[INFO] >>> maven-archetype-plugin:2.2:generate (default-cli) @ standalone-pom >>>
[INFO] 
[INFO] <<< maven-archetype-plugin:2.2:generate (default-cli) @ standalone-pom <<<
[INFO] 
[INFO] --- maven-archetype-plugin:2.2:generate (default-cli) @ standalone-pom ---
[INFO] Generating project in Batch mode
[INFO] Archetype [com.dooapp:component-archetype:1.0.3] found in catalog local
[INFO] ----------------------------------------------------------------------------
[INFO] Using following parameters for creating project from Archetype: component-archetype:1.0.3
[INFO] ----------------------------------------------------------------------------
[INFO] Parameter: groupId, Value: com.dooapp.dooapp-test.c
[INFO] Parameter: artifactId, Value: dooapp-test-c-component
[INFO] Parameter: version, Value: 1.0-SNAPSHOT
[INFO] Parameter: package, Value: com.dooapp.dooapp-test.c
[INFO] Parameter: packageInPathFormat, Value: com/dooapp/dooapp-test/c
[INFO] Parameter: domainPackage, Value: com.dooapp.dooapp-test
[INFO] Parameter: DOMAIN, Value: C
[INFO] Parameter: time, Value: date
[INFO] Parameter: author, Value: genmymodel
[INFO] Parameter: groupId, Value: com.dooapp.dooapp-test.c
[INFO] Parameter: JavaShortName, Value: C
[INFO] Parameter: version, Value: 1.0-SNAPSHOT
[INFO] Parameter: wrapperPackage, Value: com.dooapp.dooapp-test.wrapper
[INFO] Parameter: package, Value: com.dooapp.dooapp-test.c
[INFO] Parameter: artifactId, Value: dooapp-test-c-component
[INFO] Parameter: builderPackage, Value: com.dooapp.dooapp-test.entity.factories
[INFO] project created from Archetype in dir: /tmp/1c1065c5-bd0b-49ae-91d9-dc6f1ece079c/dooapp-test/dooapp-test-component-parent/dooapp-test-c-component
[INFO] ------------------------------------------------------------------------
[INFO] BUILD SUCCESS
[INFO] ------------------------------------------------------------------------
[INFO] Total time: 1.843s
[INFO] Finished at: Wed Mar 27 16:53:38 CET 2013
[INFO] Final Memory: 13M/240M
[INFO] ------------------------------------------------------------------------

* For dooapp-test-d-component
[INFO] Scanning for projects...
[INFO]                                                                         
[INFO] ------------------------------------------------------------------------
[INFO] Building Maven Stub Project (No POM) 1
[INFO] ------------------------------------------------------------------------
[INFO] 
[INFO] >>> maven-archetype-plugin:2.2:generate (default-cli) @ standalone-pom >>>
[INFO] 
[INFO] <<< maven-archetype-plugin:2.2:generate (default-cli) @ standalone-pom <<<
[INFO] 
[INFO] --- maven-archetype-plugin:2.2:generate (default-cli) @ standalone-pom ---
[INFO] Generating project in Batch mode
[INFO] Archetype [com.dooapp:component-archetype:1.0.3] found in catalog local
[INFO] ----------------------------------------------------------------------------
[INFO] Using following parameters for creating project from Archetype: component-archetype:1.0.3
[INFO] ----------------------------------------------------------------------------
[INFO] Parameter: groupId, Value: com.dooapp.dooapp-test.d
[INFO] Parameter: artifactId, Value: dooapp-test-d-component
[INFO] Parameter: version, Value: 1.0-SNAPSHOT
[INFO] Parameter: package, Value: com.dooapp.dooapp-test.d
[INFO] Parameter: packageInPathFormat, Value: com/dooapp/dooapp-test/d
[INFO] Parameter: domainPackage, Value: com.dooapp.dooapp-test
[INFO] Parameter: DOMAIN, Value: D
[INFO] Parameter: time, Value: date
[INFO] Parameter: author, Value: genmymodel
[INFO] Parameter: groupId, Value: com.dooapp.dooapp-test.d
[INFO] Parameter: JavaShortName, Value: D
[INFO] Parameter: version, Value: 1.0-SNAPSHOT
[INFO] Parameter: wrapperPackage, Value: com.dooapp.dooapp-test.wrapper
[INFO] Parameter: package, Value: com.dooapp.dooapp-test.d
[INFO] Parameter: artifactId, Value: dooapp-test-d-component
[INFO] Parameter: builderPackage, Value: com.dooapp.dooapp-test.entity.factories
[INFO] project created from Archetype in dir: /tmp/1c1065c5-bd0b-49ae-91d9-dc6f1ece079c/dooapp-test/dooapp-test-component-parent/dooapp-test-d-component
[INFO] ------------------------------------------------------------------------
[INFO] BUILD SUCCESS
[INFO] ------------------------------------------------------------------------
[INFO] Total time: 1.761s
[INFO] Finished at: Wed Mar 27 16:53:41 CET 2013
[INFO] Final Memory: 13M/240M
[INFO] ------------------------------------------------------------------------

* For dooapp-test-b-component
[INFO] Scanning for projects...
[INFO]                                                                         
[INFO] ------------------------------------------------------------------------
[INFO] Building Maven Stub Project (No POM) 1
[INFO] ------------------------------------------------------------------------
[INFO] 
[INFO] >>> maven-archetype-plugin:2.2:generate (default-cli) @ standalone-pom >>>
[INFO] 
[INFO] <<< maven-archetype-plugin:2.2:generate (default-cli) @ standalone-pom <<<
[INFO] 
[INFO] --- maven-archetype-plugin:2.2:generate (default-cli) @ standalone-pom ---
[INFO] Generating project in Batch mode
[INFO] Archetype [com.dooapp:component-archetype:1.0.3] found in catalog local
[INFO] ----------------------------------------------------------------------------
[INFO] Using following parameters for creating project from Archetype: component-archetype:1.0.3
[INFO] ----------------------------------------------------------------------------
[INFO] Parameter: groupId, Value: com.dooapp.dooapp-test.b
[INFO] Parameter: artifactId, Value: dooapp-test-b-component
[INFO] Parameter: version, Value: 1.0-SNAPSHOT
[INFO] Parameter: package, Value: com.dooapp.dooapp-test.b
[INFO] Parameter: packageInPathFormat, Value: com/dooapp/dooapp-test/b
[INFO] Parameter: domainPackage, Value: com.dooapp.dooapp-test
[INFO] Parameter: DOMAIN, Value: B
[INFO] Parameter: time, Value: date
[INFO] Parameter: author, Value: genmymodel
[INFO] Parameter: groupId, Value: com.dooapp.dooapp-test.b
[INFO] Parameter: JavaShortName, Value: B
[INFO] Parameter: version, Value: 1.0-SNAPSHOT
[INFO] Parameter: wrapperPackage, Value: com.dooapp.dooapp-test.wrapper
[INFO] Parameter: package, Value: com.dooapp.dooapp-test.b
[INFO] Parameter: artifactId, Value: dooapp-test-b-component
[INFO] Parameter: builderPackage, Value: com.dooapp.dooapp-test.entity.factories
[INFO] project created from Archetype in dir: /tmp/1c1065c5-bd0b-49ae-91d9-dc6f1ece079c/dooapp-test/dooapp-test-component-parent/dooapp-test-b-component
[INFO] ------------------------------------------------------------------------
[INFO] BUILD SUCCESS
[INFO] ------------------------------------------------------------------------
[INFO] Total time: 1.748s
[INFO] Finished at: Wed Mar 27 16:53:45 CET 2013
[INFO] Final Memory: 13M/240M
[INFO] ------------------------------------------------------------------------

* For dooapp-test-e-component
[INFO] Scanning for projects...
[INFO]                                                                         
[INFO] ------------------------------------------------------------------------
[INFO] Building Maven Stub Project (No POM) 1
[INFO] ------------------------------------------------------------------------
[INFO] 
[INFO] >>> maven-archetype-plugin:2.2:generate (default-cli) @ standalone-pom >>>
[INFO] 
[INFO] <<< maven-archetype-plugin:2.2:generate (default-cli) @ standalone-pom <<<
[INFO] 
[INFO] --- maven-archetype-plugin:2.2:generate (default-cli) @ standalone-pom ---
[INFO] Generating project in Batch mode
[INFO] Archetype [com.dooapp:component-archetype:1.0.3] found in catalog local
[INFO] ----------------------------------------------------------------------------
[INFO] Using following parameters for creating project from Archetype: component-archetype:1.0.3
[INFO] ----------------------------------------------------------------------------
[INFO] Parameter: groupId, Value: com.dooapp.dooapp-test.e
[INFO] Parameter: artifactId, Value: dooapp-test-e-component
[INFO] Parameter: version, Value: 1.0-SNAPSHOT
[INFO] Parameter: package, Value: com.dooapp.dooapp-test.e
[INFO] Parameter: packageInPathFormat, Value: com/dooapp/dooapp-test/e
[INFO] Parameter: domainPackage, Value: com.dooapp.dooapp-test
[INFO] Parameter: DOMAIN, Value: E
[INFO] Parameter: time, Value: date
[INFO] Parameter: author, Value: genmymodel
[INFO] Parameter: groupId, Value: com.dooapp.dooapp-test.e
[INFO] Parameter: JavaShortName, Value: E
[INFO] Parameter: version, Value: 1.0-SNAPSHOT
[INFO] Parameter: wrapperPackage, Value: com.dooapp.dooapp-test.wrapper
[INFO] Parameter: package, Value: com.dooapp.dooapp-test.e
[INFO] Parameter: artifactId, Value: dooapp-test-e-component
[INFO] Parameter: builderPackage, Value: com.dooapp.dooapp-test.entity.factories
[INFO] project created from Archetype in dir: /tmp/1c1065c5-bd0b-49ae-91d9-dc6f1ece079c/dooapp-test/dooapp-test-component-parent/dooapp-test-e-component
[INFO] ------------------------------------------------------------------------
[INFO] BUILD SUCCESS
[INFO] ------------------------------------------------------------------------
[INFO] Total time: 1.773s
[INFO] Finished at: Wed Mar 27 16:53:48 CET 2013
[INFO] Final Memory: 14M/303M
[INFO] ------------------------------------------------------------------------

* For dooapp-test-a-component
[INFO] Scanning for projects...
[INFO]                                                                         
[INFO] ------------------------------------------------------------------------
[INFO] Building Maven Stub Project (No POM) 1
[INFO] ------------------------------------------------------------------------
[INFO] 
[INFO] >>> maven-archetype-plugin:2.2:generate (default-cli) @ standalone-pom >>>
[INFO] 
[INFO] <<< maven-archetype-plugin:2.2:generate (default-cli) @ standalone-pom <<<
[INFO] 
[INFO] --- maven-archetype-plugin:2.2:generate (default-cli) @ standalone-pom ---
[INFO] Generating project in Batch mode
[INFO] Archetype [com.dooapp:component-archetype:1.0.3] found in catalog local
[INFO] ----------------------------------------------------------------------------
[INFO] Using following parameters for creating project from Archetype: component-archetype:1.0.3
[INFO] ----------------------------------------------------------------------------
[INFO] Parameter: groupId, Value: com.dooapp.dooapp-test.a
[INFO] Parameter: artifactId, Value: dooapp-test-a-component
[INFO] Parameter: version, Value: 1.0-SNAPSHOT
[INFO] Parameter: package, Value: com.dooapp.dooapp-test.a
[INFO] Parameter: packageInPathFormat, Value: com/dooapp/dooapp-test/a
[INFO] Parameter: domainPackage, Value: com.dooapp.dooapp-test
[INFO] Parameter: DOMAIN, Value: A
[INFO] Parameter: time, Value: date
[INFO] Parameter: author, Value: genmymodel
[INFO] Parameter: groupId, Value: com.dooapp.dooapp-test.a
[INFO] Parameter: JavaShortName, Value: A
[INFO] Parameter: version, Value: 1.0-SNAPSHOT
[INFO] Parameter: wrapperPackage, Value: com.dooapp.dooapp-test.wrapper
[INFO] Parameter: package, Value: com.dooapp.dooapp-test.a
[INFO] Parameter: artifactId, Value: dooapp-test-a-component
[INFO] Parameter: builderPackage, Value: com.dooapp.dooapp-test.entity.factories
[INFO] project created from Archetype in dir: /tmp/1c1065c5-bd0b-49ae-91d9-dc6f1ece079c/dooapp-test/dooapp-test-component-parent/dooapp-test-a-component
[INFO] ------------------------------------------------------------------------
[INFO] BUILD SUCCESS
[INFO] ------------------------------------------------------------------------
[INFO] Total time: 1.788s
[INFO] Finished at: Wed Mar 27 16:53:51 CET 2013
[INFO] Final Memory: 13M/240M
[INFO] ------------------------------------------------------------------------

